<?xml version="1.0" encoding="UTF-8"?>
<testsuite name="com.hackertrail.challenge.service.AccountDAOImplTest" time="3.63" tests="4" errors="0" skipped="0" failures="0">
  <properties>
    <property name="java.runtime.name" value="Java(TM) SE Runtime Environment"/>
    <property name="sun.boot.library.path" value="C:\Java\jre\bin"/>
    <property name="java.vm.version" value="24.45-b08"/>
    <property name="java.vm.vendor" value="Oracle Corporation"/>
    <property name="java.vendor.url" value="http://java.oracle.com/"/>
    <property name="path.separator" value=";"/>
    <property name="guice.disable.misplaced.annotation.check" value="true"/>
    <property name="java.vm.name" value="Java HotSpot(TM) 64-Bit Server VM"/>
    <property name="file.encoding.pkg" value="sun.io"/>
    <property name="user.script" value=""/>
    <property name="user.country" value="SG"/>
    <property name="sun.java.launcher" value="SUN_STANDARD"/>
    <property name="sun.os.patch.level" value=""/>
    <property name="java.vm.specification.name" value="Java Virtual Machine Specification"/>
    <property name="user.dir" value="C:\eclipse-jee-kepler-R-win32-x86_64\Workspace\atm-transaction-service"/>
    <property name="java.runtime.version" value="1.7.0_45-b18"/>
    <property name="java.awt.graphicsenv" value="sun.awt.Win32GraphicsEnvironment"/>
    <property name="java.endorsed.dirs" value="C:\Java\jre\lib\endorsed"/>
    <property name="os.arch" value="amd64"/>
    <property name="java.io.tmpdir" value="C:\Users\User\AppData\Local\Temp\"/>
    <property name="line.separator" value="&#10;"/>
    <property name="java.vm.specification.vendor" value="Oracle Corporation"/>
    <property name="user.variant" value=""/>
    <property name="os.name" value="Windows 8"/>
    <property name="classworlds.conf" value="C:\eclipse-jee-kepler-R-win32-x86_64\Workspace\.metadata\.plugins\org.eclipse.m2e.launching\launches\m2conf5054282376952082777.tmp"/>
    <property name="sun.jnu.encoding" value="Cp1252"/>
    <property name="java.library.path" value="C:\Java\bin;C:\WINDOWS\Sun\Java\bin;C:\WINDOWS\system32;C:\WINDOWS;C:\Program Files (x86)\Intel\iCLS Client\;C:\Program Files\Intel\iCLS Client\;C:\WINDOWS\system32;C:\WINDOWS;C:\WINDOWS\System32\Wbem;C:\WINDOWS\System32\WindowsPowerShell\v1.0\;C:\Program Files\Intel\Intel(R) Management Engine Components\DAL;C:\Program Files\Intel\Intel(R) Management Engine Components\IPT;C:\Program Files (x86)\Intel\Intel(R) Management Engine Components\DAL;C:\Program Files (x86)\Intel\Intel(R) Management Engine Components\IPT;C:\Program Files (x86)\Intel\OpenCL SDK\2.0\bin\x86;C:\Program Files (x86)\Intel\OpenCL SDK\2.0\bin\x64;C:\Program Files\Intel\WiFi\bin\;C:\Program Files\Common Files\Intel\WirelessCommon\;C:\Programs\TortoiseGit\bin;."/>
    <property name="java.specification.name" value="Java Platform API Specification"/>
    <property name="java.class.version" value="51.0"/>
    <property name="sun.management.compiler" value="HotSpot 64-Bit Tiered Compilers"/>
    <property name="os.version" value="6.2"/>
    <property name="user.home" value="C:\Users\User"/>
    <property name="user.timezone" value="Asia/Singapore"/>
    <property name="java.awt.printerjob" value="sun.awt.windows.WPrinterJob"/>
    <property name="java.specification.version" value="1.7"/>
    <property name="file.encoding" value="Cp1252"/>
    <property name="user.name" value="User"/>
    <property name="java.class.path" value="/C:/eclipse-jee-kepler-R-win32-x86_64/eclipse/configuration/org.eclipse.osgi/bundles/531/1/.cp/jars/plexus-classworlds-2.4.jar"/>
    <property name="java.vm.specification.version" value="1.7"/>
    <property name="sun.arch.data.model" value="64"/>
    <property name="java.home" value="C:\Java\jre"/>
    <property name="sun.java.command" value="org.codehaus.plexus.classworlds.launcher.Launcher -B -s C:\Users\User\.m2\settings.xml install"/>
    <property name="java.specification.vendor" value="Oracle Corporation"/>
    <property name="user.language" value="en"/>
    <property name="awt.toolkit" value="sun.awt.windows.WToolkit"/>
    <property name="java.vm.info" value="mixed mode"/>
    <property name="java.version" value="1.7.0_45"/>
    <property name="java.ext.dirs" value="C:\Java\jre\lib\ext;C:\WINDOWS\Sun\Java\lib\ext"/>
    <property name="sun.boot.class.path" value="C:\Java\jre\lib\resources.jar;C:\Java\jre\lib\rt.jar;C:\Java\jre\lib\sunrsasign.jar;C:\Java\jre\lib\jsse.jar;C:\Java\jre\lib\jce.jar;C:\Java\jre\lib\charsets.jar;C:\Java\jre\lib\jfr.jar;C:\Java\jre\classes"/>
    <property name="java.vendor" value="Oracle Corporation"/>
    <property name="maven.home" value="C:\eclipse-jee-kepler-R-win32-x86_64\Workspace\atm-transaction-service\EMBEDDED"/>
    <property name="file.separator" value="\"/>
    <property name="java.vendor.url.bug" value="http://bugreport.sun.com/bugreport/"/>
    <property name="maven.bootclasspath" value="/C:/eclipse-jee-kepler-R-win32-x86_64/eclipse/configuration/org.eclipse.osgi/bundles/531/1/.cp/jars/plexus-classworlds-2.4.jar"/>
    <property name="sun.cpu.endian" value="little"/>
    <property name="sun.io.unicode.encoding" value="UnicodeLittle"/>
    <property name="sun.desktop" value="windows"/>
    <property name="sun.cpu.isalist" value="amd64"/>
  </properties>
  <testcase name="testWithDrawOverAvailableBalance" classname="com.hackertrail.challenge.service.AccountDAOImplTest" time="2.684"/>
  <testcase name="testCreditAmount" classname="com.hackertrail.challenge.service.AccountDAOImplTest" time="0.336"/>
  <testcase name="testCheckBalance" classname="com.hackertrail.challenge.service.AccountDAOImplTest" time="0.266"/>
  <testcase name="testConcrrentTransactionsConsistency" classname="com.hackertrail.challenge.service.AccountDAOImplTest" time="0.344"/>
</testsuite>